<?xml version="1.0" encoding="UTF-8"?>
<!-- Generated by org.testng.reporters.JUnitXMLReporter -->
<testsuite hostname="kedars-mbp.in.ibm.com" ignored="0" name="Test" tests="4" failures="2" timestamp="2019-09-18T12:30:26 IST" time="20.246" errors="0">
  <testcase name="verifyTitle" time="6.906" classname="TestNG.NewTest">
    <failure type="java.lang.AssertionError" message="expected [Facebook] but found [Facebook – log in or sign up]">
      <![CDATA[java.lang.AssertionError: expected [Facebook] but found [Facebook – log in or sign up]
at TestNG.NewTest.verifyTitle(NewTest.java:19)
at java.util.ArrayList.forEach(ArrayList.java:1257)
... Removed 32 stack frames]]>
    </failure>
  </testcase> <!-- verifyTitle -->
  <testcase name="verifyUrl" time="4.087" classname="TestNG.NewTest">
    <failure type="java.lang.AssertionError" message="expected [https://www.facebook.com] but found [https://www.facebook.com/]">
      <![CDATA[java.lang.AssertionError: expected [https://www.facebook.com] but found [https://www.facebook.com/]
at TestNG.NewTest.verifyUrl(NewTest.java:31)
at java.util.ArrayList.forEach(ArrayList.java:1257)
... Removed 32 stack frames]]>
    </failure>
  </testcase> <!-- verifyUrl -->
  <testcase name="verifyTitle" time="0.011" classname="TestNG.NewTest2"/>
  <testcase name="verifyUrl" time="0.014" classname="TestNG.NewTest2"/>
</testsuite> <!-- Test -->
